Arguments: 
  /usr/bin/node /usr/bin/yarn add headless-ui

PATH: 
  /usr/local/bin:/usr/bin:/usr/bin/site_perl:/usr/bin/vendor_perl:/usr/bin/core_perl

Yarn version: 
  1.22.19

Node version: 
  20.5.1

Platform: 
  linux x64

Trace: 
  Error: https://registry.yarnpkg.com/headless-ui: Not found
      at params.callback [as _callback] (/usr/lib/node_modules/yarn/lib/cli.js:66145:18)
      at self.callback (/usr/lib/node_modules/yarn/lib/cli.js:140890:22)
      at Request.emit (node:events:514:28)
      at Request.<anonymous> (/usr/lib/node_modules/yarn/lib/cli.js:141862:10)
      at Request.emit (node:events:514:28)
      at IncomingMessage.<anonymous> (/usr/lib/node_modules/yarn/lib/cli.js:141784:12)
      at Object.onceWrapper (node:events:628:28)
      at IncomingMessage.emit (node:events:526:35)
      at endReadableNT (node:internal/streams/readable:1376:12)
      at process.processTicksAndRejections (node:internal/process/task_queues:82:21)

npm manifest: 
  {
    "dependencies": {
      "headlessui": "^0.0.0"
    }
  }

yarn manifest: 
  No manifest

Lockfile: 
  # THIS IS AN AUTOGENERATED FILE. DO NOT EDIT THIS FILE DIRECTLY.
  # yarn lockfile v1
  
  
  headlessui@^0.0.0:
    version "0.0.0"
    resolved "https://registry.yarnpkg.com/headlessui/-/headlessui-0.0.0.tgz#bffbc91c40e9a6fa09c1e6064caaa670cabc68c0"
    integrity sha512-CHvacVPbl8AqIg2sBNKySUmumu7o15jSrCaTrIh9GW2Eq4y/krCN/vZFOsKCwlrhWQbO4267a8xvvP8bs+qREQ==
